<?xml version="1.0" encoding="UTF-8"?>
<!-- Generated by org.testng.reporters.JUnitXMLReporter -->
<testsuite hostname="DESKTOP-682028L" name="Default test" tests="6" failures="0" timestamp="17 Jul 2022 15:28:38 GMT" time="0.162" errors="0">
  <testcase name="@BeforeClass browserLaunch" time="0.0" classname="org.flikart.FlikartTaskNew">
    <failure type="org.testng.TestNGException" message="
Parameter &amp;apos;URL&amp;apos; is required by @Configuration on method browserLaunch but has not been marked @Optional or defined
in C:\Users\SRITHAR\AppData\Local\Temp\testng-eclipse-2086010037\testng-customsuite.xml">
      <![CDATA[org.testng.TestNGException: 
Parameter 'URL' is required by @Configuration on method browserLaunch but has not been marked @Optional or defined
in C:\Users\SRITHAR\AppData\Local\Temp\testng-eclipse-2086010037\testng-customsuite.xml
	at org.testng.internal.Parameters.createParameters(Parameters.java:154)
	at org.testng.internal.Parameters.createParameters(Parameters.java:361)
	at org.testng.internal.Parameters.createConfigurationParameters(Parameters.java:84)
	at org.testng.internal.Invoker.invokeConfigurations(Invoker.java:202)
	at org.testng.internal.Invoker.invokeConfigurations(Invoker.java:143)
	at org.testng.internal.TestMethodWorker.invokeBeforeClassMethods(TestMethodWorker.java:178)
	at org.testng.internal.TestMethodWorker.run(TestMethodWorker.java:108)
	at org.testng.TestRunner.privateRun(TestRunner.java:778)
	at org.testng.TestRunner.run(TestRunner.java:632)
	at org.testng.SuiteRunner.runTest(SuiteRunner.java:366)
	at org.testng.SuiteRunner.runSequentially(SuiteRunner.java:361)
	at org.testng.SuiteRunner.privateRun(SuiteRunner.java:319)
	at org.testng.SuiteRunner.run(SuiteRunner.java:268)
	at org.testng.SuiteRunnerWorker.runSuite(SuiteRunnerWorker.java:52)
	at org.testng.SuiteRunnerWorker.run(SuiteRunnerWorker.java:86)
	at org.testng.TestNG.runSuitesSequentially(TestNG.java:1225)
	at org.testng.TestNG.runSuitesLocally(TestNG.java:1150)
	at org.testng.TestNG.runSuites(TestNG.java:1075)
	at org.testng.TestNG.run(TestNG.java:1047)
	at org.testng.remote.AbstractRemoteTestNG.run(AbstractRemoteTestNG.java:126)
	at org.testng.remote.RemoteTestNG.initAndRun(RemoteTestNG.java:137)
	at org.testng.remote.RemoteTestNG.main(RemoteTestNG.java:58)
]]>
    </failure>
  </testcase> <!-- @BeforeClass browserLaunch -->
  <testcase name="@BeforeMethod beforeMethod" time="0.0" classname="org.flikart.FlikartTaskNew">
    <skipped/>
  </testcase> <!-- @BeforeMethod beforeMethod -->
  <testcase name="@AfterMethod afterMethod" time="0.0" classname="org.flikart.FlikartTaskNew">
    <skipped/>
  </testcase> <!-- @AfterMethod afterMethod -->
  <testcase name="@BeforeMethod beforeMethod" time="0.0" classname="org.flikart.FlikartTaskNew">
    <skipped/>
  </testcase> <!-- @BeforeMethod beforeMethod -->
  <testcase name="@AfterMethod afterMethod" time="0.0" classname="org.flikart.FlikartTaskNew">
    <skipped/>
  </testcase> <!-- @AfterMethod afterMethod -->
  <testcase name="@BeforeMethod beforeMethod" time="0.0" classname="org.flikart.FlikartTaskNew">
    <skipped/>
  </testcase> <!-- @BeforeMethod beforeMethod -->
  <testcase name="@AfterMethod afterMethod" time="0.0" classname="org.flikart.FlikartTaskNew">
    <skipped/>
  </testcase> <!-- @AfterMethod afterMethod -->
  <testcase name="@BeforeMethod beforeMethod" time="0.0" classname="org.flikart.FlikartTaskNew">
    <skipped/>
  </testcase> <!-- @BeforeMethod beforeMethod -->
  <testcase name="@AfterMethod afterMethod" time="0.0" classname="org.flikart.FlikartTaskNew">
    <skipped/>
  </testcase> <!-- @AfterMethod afterMethod -->
  <testcase name="@BeforeMethod beforeMethod" time="0.0" classname="org.flikart.FlikartTaskNew">
    <skipped/>
  </testcase> <!-- @BeforeMethod beforeMethod -->
  <testcase name="@AfterMethod afterMethod" time="0.0" classname="org.flikart.FlikartTaskNew">
    <skipped/>
  </testcase> <!-- @AfterMethod afterMethod -->
  <testcase name="@BeforeMethod beforeMethod" time="0.0" classname="org.flikart.FlikartTaskNew">
    <skipped/>
  </testcase> <!-- @BeforeMethod beforeMethod -->
  <testcase name="@AfterMethod afterMethod" time="0.0" classname="org.flikart.FlikartTaskNew">
    <skipped/>
  </testcase> <!-- @AfterMethod afterMethod -->
  <testcase name="@AfterClass browserquit" time="0.0" classname="org.flikart.FlikartTaskNew">
    <skipped/>
  </testcase> <!-- @AfterClass browserquit -->
  <testcase name="logIn" time="0.011" classname="org.flikart.FlikartTaskNew">
    <skipped/>
  </testcase> <!-- logIn -->
  <testcase name="method2" time="0.002" classname="org.flikart.FlikartTaskNew">
    <skipped/>
  </testcase> <!-- method2 -->
  <testcase name="method3" time="0.005" classname="org.flikart.FlikartTaskNew">
    <skipped/>
  </testcase> <!-- method3 -->
  <testcase name="method4" time="0.002" classname="org.flikart.FlikartTaskNew">
    <skipped/>
  </testcase> <!-- method4 -->
  <testcase name="multiple" time="0.002" classname="org.flikart.FlikartTaskNew">
    <skipped/>
  </testcase> <!-- multiple -->
  <testcase name="method6" time="0.003" classname="org.flikart.FlikartTaskNew">
    <skipped/>
  </testcase> <!-- method6 -->
</testsuite> <!-- Default test -->
